[CommunicationLog]
R [000BE0DB] : 0
S [000BE0C7] : (410F018000080)
R [000BE0C7] : 0
S [000BE09F] : (410F010000080)
R [000BDF9A] : 0000100010000000003F100D909F500000000000000000000000000000AC409EB00450F017604000FF800
S [000BDF86] : (40)
R [000BDF86] : 01
S [000BDF86] : (34)
R [000BDF86] : 010F0176
S [000BDF7C] : (35)
R [000BDF7C] : 0000100010000000003F100D909F500000000000000000000000000000AC409EB00450F017604000FF800
S [000BDF68] : (40)
R [000BDF68] : 01
S [000BDF4A] : (34)
R [000BDF4A] : 010F0176
S [000BDF40] : (35)
R [00073F2A] : 0
S [00073DD6] : (330F1095)
R [0006E9BB] : 0001400020000000004900490092200000000000000000000000000000AC4091E00410F109504000FF800
S [0006E9A7] : (40)
R [0006E9A7] : 01
S [0006E9A7] : (34)
R [0006E9A7] : 010F1095
S [0006E99D] : (35)
R [0006E99D] : 0001400020000000004900490092200000000000000000000000000000AC4091E00410F109504000FF800
S [0006E989] : (40)
R [0006E989] : 01
S [0006E96B] : (34)
R [0006E96B] : 010F1095
S [0006E961] : (35)
R [00048463] : 0
S [000483FF] : (330F4849)
R [0004811A] : 0
S [000480CA] : (410F488000080)
R [000480CA] : 0
S [0004807A] : (410F480000080)
R [0004805C] : 0000000000000000000000000000000000000000000000000000000000000138400010F48490000000000
S [0004802A] : (40)
R [00048020] : 0
S [00047FB1] : (21)
R [00047FB1] : 0
S [00046BA0] : 0B
R [00046BA0] : 0
S [00046771] : (0B)
R [0004673E] : 0
S [00046522] : (07)
R [0001388F] : 0
S [0001383E] : (410F488000080)
R [0001383E] : 0
S [000137EE] : (410F480000080)
R [0001373A] : 0000000000000000000000000000000000000000000000000000000000000138400010F48650000000000
S [000136FE] : (40)
R [000136CC] : 0
S [000134AF] : (07)
R [000134AF] : 0
S [0001345F] : (08)
R [0001345F] : 0000000000000000000000000000000000000000000000000000000000000138400010F48650000000000
S [0001342D] : (40)
R [0001342D] : 01
S [0001342D] : (34)
R [0001342D] : 010F4865
S [000133FB] : (35)
R [000133FB] : 018066FFFFC000E000FFFF080404F08040411
S [000133F1] : (00)
